<?xml version="1.0" encoding="UTF-8" ?>
<testsuites>
  <testsuite errors="0" failures="0" hostname="intelligrape" id="0" name="BootCampSessionControllerSpec" package="com.ig.demoApp" tests="6" time="1.113" timestamp="2011-07-25T05:09:22">
      <properties />

      <testcase classname="com.ig.demoApp.BootCampSessionControllerSpec" name="Edit Test 1" time="0.837" />

      <testcase classname="com.ig.demoApp.BootCampSessionControllerSpec" name="Edit Test 2" time="0.024" />

      <testcase classname="com.ig.demoApp.BootCampSessionControllerSpec" name="Edit Test MockFor 1" time="0.095" />

      <testcase classname="com.ig.demoApp.BootCampSessionControllerSpec" name="Edit Test MockFor 2" time="0.025" />

      <testcase classname="com.ig.demoApp.BootCampSessionControllerSpec" name="Edit Test MockFor 1" time="0.066" />

      <testcase classname="com.ig.demoApp.BootCampSessionControllerSpec" name="Edit Test MockFor 2" time="0.05" />

      <system-out><![CDATA[--Output from Edit Test 1--
We get an instance !!
--Output from Edit Test 2--
We get an instance !!
--Output from Edit Test MockFor 1--
We get an instance !!
--Output from Edit Test MockFor 2--
We get an instance !!
--Output from Edit Test MockFor 1--
[bootCampSessionInstance:Unit Testing, maxPresentations:2]
--Output from Edit Test MockFor 2--
[bootCampSessionInstance:Unit Testing, maxPresentations:2]
]]></system-out>

      <system-err><![CDATA[--Output from Edit Test 1--
--Output from Edit Test 2--
--Output from Edit Test MockFor 1--
--Output from Edit Test MockFor 2--
--Output from Edit Test MockFor 1--
--Output from Edit Test MockFor 2--
]]></system-err>

  </testsuite>
  <testsuite errors="0" failures="0" hostname="intelligrape" id="1" name="DateFormatUtilSpec" package="com.ig.demoApp" tests="2" time="0.032" timestamp="2011-07-25T05:09:24">
      <properties />

      <testcase classname="com.ig.demoApp.DateFormatUtilSpec" name="test Get Date Object" time="0.018" />

      <testcase classname="com.ig.demoApp.DateFormatUtilSpec" name="test Get Time Object" time="0.013" />

      <system-out><![CDATA[--Output from test Get Date Object--
Run before every test method
Run after every test method
Run before every test method
Run after every test method
--Output from test Get Time Object--
Run before every test method
Run after every test method
Run before every test method
Run after every test method
Run before every test method
Run after every test method
]]></system-out>

      <system-err><![CDATA[--Output from test Get Date Object--
--Output from test Get Time Object--
]]></system-err>

  </testsuite>
  <testsuite errors="0" failures="0" hostname="intelligrape" id="2" name="DemoAppTagLibSpec" package="com.ig.demoApp" tests="1" time="0.393" timestamp="2011-07-25T05:09:23">
      <properties />

      <testcase classname="com.ig.demoApp.DemoAppTagLibSpec" name="test Message Appearing On HomePage" time="0.387" />

      <system-out><![CDATA[--Output from test Message Appearing On HomePage--
]]></system-out>

      <system-err><![CDATA[--Output from test Message Appearing On HomePage--
]]></system-err>

  </testsuite>
  <testsuite errors="0" failures="0" hostname="intelligrape" id="3" name="DummyActionControllerSpec" package="com.ig.demoApp" tests="8" time="0.207" timestamp="2011-07-25T05:09:23">
      <properties />

      <testcase classname="com.ig.demoApp.DummyActionControllerSpec" name="JSON test 1" time="0.051" />

      <testcase classname="com.ig.demoApp.DummyActionControllerSpec" name="JSON test 2" time="0.038" />

      <testcase classname="com.ig.demoApp.DummyActionControllerSpec" name="XML test 1" time="0.031" />

      <testcase classname="com.ig.demoApp.DummyActionControllerSpec" name="XML test 2" time="0.02" />

      <testcase classname="com.ig.demoApp.DummyActionControllerSpec" name="AJAX test 1" time="0.016" />

      <testcase classname="com.ig.demoApp.DummyActionControllerSpec" name="AJAX test 2" time="0.016" />

      <testcase classname="com.ig.demoApp.DummyActionControllerSpec" name="Redirect Action test" time="0.0060" />

      <testcase classname="com.ig.demoApp.DummyActionControllerSpec" name="Render Action test" time="0.01" />

      <system-out><![CDATA[--Output from JSON test 1--
J: Unit Testing
--Output from JSON test 2--
J: Jmeter Testing
--Output from XML test 1--
X : Unit Testing
XML : <?xml version="1.0" encoding="UTF-8"?><map><entry key="success">true</entry></map>
--Output from XML test 2--
X : Jmeter Testing
XML : <?xml version="1.0" encoding="UTF-8"?><map><entry key="success">false</entry></map>
--Output from AJAX test 1--
A : Unit Testing
AJAX : true
--Output from AJAX test 2--
A : Jmeter Testing
AJAX : false
--Output from Redirect Action test--
--Output from Render Action test--
]]></system-out>

      <system-err><![CDATA[--Output from JSON test 1--
--Output from JSON test 2--
--Output from XML test 1--
--Output from XML test 2--
--Output from AJAX test 1--
--Output from AJAX test 2--
--Output from Redirect Action test--
--Output from Render Action test--
]]></system-err>

  </testsuite>
  <testsuite errors="0" failures="0" hostname="intelligrape" id="4" name="LoginControllerSpec" package="com.ig.demoApp" tests="3" time="0.092" timestamp="2011-07-25T05:09:24">
      <properties />

      <testcase classname="com.ig.demoApp.LoginControllerSpec" name="Login Handler 1" time="0.054" />

      <testcase classname="com.ig.demoApp.LoginControllerSpec" name="Login Handler 2" time="0.016" />

      <testcase classname="com.ig.demoApp.LoginControllerSpec" name="Login Handler 3" time="0.016" />

      <system-out><![CDATA[--Output from Login Handler 1--
session user : Manoj
--Output from Login Handler 2--
--Output from Login Handler 3--
]]></system-out>

      <system-err><![CDATA[--Output from Login Handler 1--
--Output from Login Handler 2--
--Output from Login Handler 3--
]]></system-err>

  </testsuite>
  <testsuite errors="0" failures="2" hostname="intelligrape" id="5" name="PresentationServiceSpec" package="com.ig.demoApp" tests="4" time="0.132" timestamp="2011-07-25T05:09:24">
      <properties />

      <testcase classname="com.ig.demoApp.PresentationServiceSpec" name="1 Instance Test" time="0.052">
          <failure message="Condition not satisfied:  bootCampSessionInstance.toString() == value |                       |          |  | null                    null       |  Unit Testing                                    false                                    11 differences (8% similarity)                                    (-)n(ull-------)                                    (U)n(it Testing) " type="junit.framework.AssertionFailedError">junit.framework.AssertionFailedError: Condition not satisfied:

bootCampSessionInstance.toString() == value
|                       |          |  |
null                    null       |  Unit Testing
                                   false
                                   11 differences (8% similarity)
                                   (-)n(ull-------)
                                   (U)n(it Testing)

	at com.ig.demoApp.PresentationServiceSpec.Get Instance Test(PresentationServiceSpec.groovy:23)
</failure>

      </testcase>

      <testcase classname="com.ig.demoApp.PresentationServiceSpec" name="2 Instance Test" time="0.015" />

      <testcase classname="com.ig.demoApp.PresentationServiceSpec" name="1 Another Instance Test" time="0.047" />

      <testcase classname="com.ig.demoApp.PresentationServiceSpec" name="2 Another Instance Test" time="0.012">
          <failure message="Condition not satisfied:  bootCampSessionInstance.toString() == value |                       |          |  | null                    null       |  Unit Testing                                    false                                    11 differences (8% similarity)                                    (-)n(ull-------)                                    (U)n(it Testing) " type="junit.framework.AssertionFailedError">junit.framework.AssertionFailedError: Condition not satisfied:

bootCampSessionInstance.toString() == value
|                       |          |  |
null                    null       |  Unit Testing
                                   false
                                   11 differences (8% similarity)
                                   (-)n(ull-------)
                                   (U)n(it Testing)

	at com.ig.demoApp.PresentationServiceSpec.Get Another Instance Test(PresentationServiceSpec.groovy:47)
</failure>

      </testcase>

      <system-out><![CDATA[--Output from 1 Instance Test--
In service [Unit Testing]
14
--Output from 2 Instance Test--
In service [Unit Testing]
15
--Output from 1 Another Instance Test--
--Output from 2 Another Instance Test--
Run before first test method
]]></system-out>

      <system-err><![CDATA[--Output from 1 Instance Test--
--Output from 2 Instance Test--
--Output from 1 Another Instance Test--
--Output from 2 Another Instance Test--
]]></system-err>

  </testsuite>
  <testsuite errors="0" failures="0" hostname="intelligrape" id="6" name="DummyActionControllerTests" package="com.ig.demoApp" tests="1" time="0.811" timestamp="2011-07-25T05:09:21">
      <properties />

      <testcase classname="com.ig.demoApp.DummyActionControllerTests" name="testSomething" time="0.791" />

      <system-out><![CDATA[--Output from testSomething--
]]></system-out>

      <system-err><![CDATA[--Output from testSomething--
]]></system-err>

  </testsuite>
</testsuites>
